0 verbose cli /opt/homebrew/Cellar/node/25.6.1/bin/node /opt/homebrew/bin/npm
1 info using npm@11.9.0
2 info using node@v25.6.1
3 silly config load:file:/opt/homebrew/lib/node_modules/npm/npmrc
4 silly config load:file:/Users/ricart/habit-hugs3/.npmrc
5 silly config load:file:/Users/ricart/.npmrc
6 silly config load:file:/opt/homebrew/etc/npmrc
7 verbose title npm install next@latest react react-dom
8 verbose argv "install" "next@latest" "react" "react-dom"
9 verbose logfile logs-max:10 dir:/Users/ricart/habit-hugs3/.npm-cache/_logs/2026-04-07T11_53_15_249Z-
10 verbose logfile /Users/ricart/habit-hugs3/.npm-cache/_logs/2026-04-07T11_53_15_249Z-debug-0.log
11 silly logfile done cleaning log files
12 silly packumentCache heap:2348810240 maxSize:587202560 maxEntrySize:293601280
13 silly packumentCache corgi:https://registry.npmjs.org/next cache-miss
14 http fetch GET 200 https://registry.npmjs.org/next 398ms (cache miss)
15 silly packumentCache corgi:https://registry.npmjs.org/next set size:undefined disposed:false
16 silly idealTree buildDeps
17 silly fetch manifest react@*
18 silly packumentCache full:https://registry.npmjs.org/react cache-miss
19 http fetch GET 200 https://registry.npmjs.org/react 160ms (cache miss)
20 silly packumentCache full:https://registry.npmjs.org/react set size:undefined disposed:false
21 silly fetch manifest react-dom@*
22 silly packumentCache full:https://registry.npmjs.org/react-dom cache-miss
23 http fetch GET 200 https://registry.npmjs.org/react-dom 168ms (cache miss)
24 silly packumentCache full:https://registry.npmjs.org/react-dom set size:undefined disposed:false
25 silly fetch manifest next@16.2.2
26 silly packumentCache full:https://registry.npmjs.org/next cache-miss
27 http fetch GET 200 https://registry.npmjs.org/next 342ms (cache miss)
28 silly packumentCache full:https://registry.npmjs.org/next set size:undefined disposed:false
29 silly fetch manifest @opentelemetry/api@^1.1.0
30 silly packumentCache full:https://registry.npmjs.org/@opentelemetry%2fapi cache-miss
31 http fetch GET 200 https://registry.npmjs.org/@opentelemetry%2fapi 65ms (cache miss)
32 silly packumentCache full:https://registry.npmjs.org/@opentelemetry%2fapi set size:undefined disposed:false
33 silly fetch manifest @playwright/test@^1.51.1
34 silly packumentCache full:https://registry.npmjs.org/@playwright%2ftest cache-miss
35 http fetch GET 200 https://registry.npmjs.org/@playwright%2ftest 213ms (cache miss)
36 silly packumentCache full:https://registry.npmjs.org/@playwright%2ftest set size:undefined disposed:false
37 silly fetch manifest babel-plugin-react-compiler@*
38 silly packumentCache full:https://registry.npmjs.org/babel-plugin-react-compiler cache-miss
39 http fetch GET 200 https://registry.npmjs.org/babel-plugin-react-compiler 58ms (cache miss)
40 silly packumentCache full:https://registry.npmjs.org/babel-plugin-react-compiler set size:undefined disposed:false
41 silly fetch manifest sass@^1.3.0
42 silly packumentCache full:https://registry.npmjs.org/sass cache-miss
43 http fetch GET 200 https://registry.npmjs.org/sass 51ms (cache miss)
44 silly packumentCache full:https://registry.npmjs.org/sass set size:undefined disposed:false
45 silly placeDep ROOT next@16.2.2 OK for:  want: 16.2.2
46 silly placeDep ROOT react@19.2.4 OK for: next@16.2.2 want: ^18.2.0 || 19.0.0-rc-de68d2f4-20241204 || ^19.0.0
47 silly placeDep ROOT react-dom@19.2.4 OK for: next@16.2.2 want: ^18.2.0 || 19.0.0-rc-de68d2f4-20241204 || ^19.0.0
48 silly placeDep ROOT react@19.2.4 REPLACE for:  want: *
49 silly placeDep ROOT react-dom@19.2.4 REPLACE for:  want: *
50 silly fetch manifest postcss@8.4.31
51 silly packumentCache full:https://registry.npmjs.org/postcss cache-miss
52 silly fetch manifest @next/env@16.2.2
53 silly packumentCache full:https://registry.npmjs.org/@next%2fenv cache-miss
54 silly fetch manifest styled-jsx@5.1.6
55 silly packumentCache full:https://registry.npmjs.org/styled-jsx cache-miss
56 silly fetch manifest @swc/helpers@0.5.15
57 silly packumentCache full:https://registry.npmjs.org/@swc%2fhelpers cache-miss
58 silly fetch manifest caniuse-lite@^1.0.30001579
59 silly packumentCache full:https://registry.npmjs.org/caniuse-lite cache-miss
60 silly fetch manifest baseline-browser-mapping@^2.9.19
61 silly packumentCache full:https://registry.npmjs.org/baseline-browser-mapping cache-miss
62 silly fetch manifest sharp@^0.34.5
63 silly packumentCache full:https://registry.npmjs.org/sharp cache-miss
64 http fetch GET 200 https://registry.npmjs.org/postcss 104ms (cache miss)
65 silly packumentCache full:https://registry.npmjs.org/postcss set size:undefined disposed:false
66 silly fetch manifest @next/swc-darwin-x64@16.2.2
67 silly packumentCache full:https://registry.npmjs.org/@next%2fswc-darwin-x64 cache-miss
68 http fetch GET 200 https://registry.npmjs.org/baseline-browser-mapping 122ms (cache miss)
69 silly packumentCache full:https://registry.npmjs.org/baseline-browser-mapping set size:undefined disposed:false
70 silly fetch manifest @next/swc-darwin-arm64@16.2.2
71 silly packumentCache full:https://registry.npmjs.org/@next%2fswc-darwin-arm64 cache-miss
72 http fetch GET 200 https://registry.npmjs.org/styled-jsx 129ms (cache miss)
73 silly packumentCache full:https://registry.npmjs.org/styled-jsx set size:undefined disposed:false
74 silly fetch manifest @next/swc-linux-x64-gnu@16.2.2
75 silly packumentCache full:https://registry.npmjs.org/@next%2fswc-linux-x64-gnu cache-miss
76 http fetch GET 200 https://registry.npmjs.org/sharp 140ms (cache miss)
77 silly packumentCache full:https://registry.npmjs.org/sharp set size:undefined disposed:false
78 silly fetch manifest @next/swc-linux-x64-musl@16.2.2
79 silly packumentCache full:https://registry.npmjs.org/@next%2fswc-linux-x64-musl cache-miss
80 http fetch GET 200 https://registry.npmjs.org/@swc%2fhelpers 156ms (cache miss)
81 silly packumentCache full:https://registry.npmjs.org/@swc%2fhelpers set size:undefined disposed:false
82 silly fetch manifest @next/swc-win32-x64-msvc@16.2.2
83 silly packumentCache full:https://registry.npmjs.org/@next%2fswc-win32-x64-msvc cache-miss
84 http fetch GET 200 https://registry.npmjs.org/caniuse-lite 184ms (cache miss)
85 silly packumentCache full:https://registry.npmjs.org/caniuse-lite set size:undefined disposed:false
86 silly fetch manifest @next/swc-linux-arm64-gnu@16.2.2
87 silly packumentCache full:https://registry.npmjs.org/@next%2fswc-linux-arm64-gnu cache-miss
88 http fetch GET 200 https://registry.npmjs.org/@next%2fswc-darwin-x64 137ms (cache miss)
89 silly packumentCache full:https://registry.npmjs.org/@next%2fswc-darwin-x64 set size:undefined disposed:false
90 silly fetch manifest @next/swc-linux-arm64-musl@16.2.2
91 silly packumentCache full:https://registry.npmjs.org/@next%2fswc-linux-arm64-musl cache-miss
92 http fetch GET 200 https://registry.npmjs.org/@next%2fenv 273ms (cache miss)
93 silly packumentCache full:https://registry.npmjs.org/@next%2fenv set size:undefined disposed:false
94 silly fetch manifest @next/swc-win32-arm64-msvc@16.2.2
95 silly packumentCache full:https://registry.npmjs.org/@next%2fswc-win32-arm64-msvc cache-miss
96 http fetch GET 200 https://registry.npmjs.org/@next%2fswc-linux-x64-gnu 164ms (cache miss)
97 silly packumentCache full:https://registry.npmjs.org/@next%2fswc-linux-x64-gnu set size:undefined disposed:false
98 silly fetch manifest scheduler@^0.27.0
99 silly packumentCache full:https://registry.npmjs.org/scheduler cache-miss
100 http fetch GET 200 https://registry.npmjs.org/@next%2fswc-darwin-arm64 191ms (cache miss)
101 silly packumentCache full:https://registry.npmjs.org/@next%2fswc-darwin-arm64 set size:undefined disposed:false
102 silly fetch manifest scheduler@^0.27.0
103 silly packumentCache full:https://registry.npmjs.org/scheduler cache-miss
104 http fetch GET 200 https://registry.npmjs.org/@next%2fswc-linux-x64-musl 202ms (cache miss)
105 silly packumentCache full:https://registry.npmjs.org/@next%2fswc-linux-x64-musl set size:undefined disposed:false
106 http fetch GET 200 https://registry.npmjs.org/@next%2fswc-linux-arm64-gnu 187ms (cache miss)
107 silly packumentCache full:https://registry.npmjs.org/@next%2fswc-linux-arm64-gnu set size:undefined disposed:false
108 http fetch GET 200 https://registry.npmjs.org/@next%2fswc-linux-arm64-musl 148ms (cache miss)
109 silly packumentCache full:https://registry.npmjs.org/@next%2fswc-linux-arm64-musl set size:undefined disposed:false
110 http fetch GET 200 https://registry.npmjs.org/@next%2fswc-win32-x64-msvc 271ms (cache miss)
111 silly packumentCache full:https://registry.npmjs.org/@next%2fswc-win32-x64-msvc set size:undefined disposed:false
112 http fetch GET 200 https://registry.npmjs.org/@next%2fswc-win32-arm64-msvc 159ms (cache miss)
113 silly packumentCache full:https://registry.npmjs.org/@next%2fswc-win32-arm64-msvc set size:undefined disposed:false
114 http fetch GET 200 https://registry.npmjs.org/scheduler 138ms (cache miss)
115 silly packumentCache full:https://registry.npmjs.org/scheduler set size:undefined disposed:false
116 http fetch GET 200 https://registry.npmjs.org/scheduler 181ms (cache miss)
117 silly packumentCache full:https://registry.npmjs.org/scheduler set size:undefined disposed:false
118 silly fetch manifest react@^18.2.0 || 19.0.0-rc-de68d2f4-20241204 || ^19.0.0
119 silly packumentCache full:https://registry.npmjs.org/react cache-miss
120 http cache https://registry.npmjs.org/react 11ms (cache hit)
121 silly packumentCache full:https://registry.npmjs.org/react set size:6585005 disposed:false
122 silly placeDep ROOT @next/env@16.2.2 OK for: next@16.2.2 want: 16.2.2
123 silly placeDep ROOT @next/swc-darwin-arm64@16.2.2 OK for: next@16.2.2 want: 16.2.2
124 silly placeDep ROOT @next/swc-darwin-x64@16.2.2 OK for: next@16.2.2 want: 16.2.2
125 silly placeDep ROOT @next/swc-linux-arm64-gnu@16.2.2 OK for: next@16.2.2 want: 16.2.2
126 silly placeDep ROOT @next/swc-linux-arm64-musl@16.2.2 OK for: next@16.2.2 want: 16.2.2
127 silly placeDep ROOT @next/swc-linux-x64-gnu@16.2.2 OK for: next@16.2.2 want: 16.2.2
128 silly placeDep ROOT @next/swc-linux-x64-musl@16.2.2 OK for: next@16.2.2 want: 16.2.2
129 silly placeDep ROOT @next/swc-win32-arm64-msvc@16.2.2 OK for: next@16.2.2 want: 16.2.2
130 silly placeDep ROOT @next/swc-win32-x64-msvc@16.2.2 OK for: next@16.2.2 want: 16.2.2
131 silly placeDep ROOT @swc/helpers@0.5.15 OK for: next@16.2.2 want: 0.5.15
132 silly placeDep ROOT baseline-browser-mapping@2.10.16 OK for: next@16.2.2 want: ^2.9.19
133 silly placeDep ROOT caniuse-lite@1.0.30001786 OK for: next@16.2.2 want: ^1.0.30001579
134 silly placeDep ROOT postcss@8.4.31 OK for: next@16.2.2 want: 8.4.31
135 silly placeDep ROOT sharp@0.34.5 OK for: next@16.2.2 want: ^0.34.5
136 silly placeDep ROOT styled-jsx@5.1.6 OK for: next@16.2.2 want: 5.1.6
137 silly fetch manifest tslib@^2.8.0
138 silly packumentCache full:https://registry.npmjs.org/tslib cache-miss
139 silly fetch manifest nanoid@^3.3.6
140 silly packumentCache full:https://registry.npmjs.org/nanoid cache-miss
141 silly fetch manifest picocolors@^1.0.0
142 silly packumentCache full:https://registry.npmjs.org/picocolors cache-miss
143 silly fetch manifest source-map-js@^1.0.2
144 silly packumentCache full:https://registry.npmjs.org/source-map-js cache-miss
145 silly fetch manifest semver@^7.7.3
146 silly packumentCache full:https://registry.npmjs.org/semver cache-miss
147 silly fetch manifest @img/colour@^1.0.0
148 silly packumentCache full:https://registry.npmjs.org/@img%2fcolour cache-miss
149 silly fetch manifest detect-libc@^2.1.2
150 silly packumentCache full:https://registry.npmjs.org/detect-libc cache-miss
151 http fetch GET 200 https://registry.npmjs.org/tslib 43ms (cache miss)
152 silly packumentCache full:https://registry.npmjs.org/tslib set size:undefined disposed:false
153 silly fetch manifest @img/sharp-wasm32@0.34.5
154 silly packumentCache full:https://registry.npmjs.org/@img%2fsharp-wasm32 cache-miss
155 http fetch GET 200 https://registry.npmjs.org/picocolors 43ms (cache miss)
156 silly packumentCache full:https://registry.npmjs.org/picocolors set size:undefined disposed:false
157 silly fetch manifest @img/sharp-linux-arm@0.34.5
158 silly packumentCache full:https://registry.npmjs.org/@img%2fsharp-linux-arm cache-miss
159 http fetch GET 200 https://registry.npmjs.org/source-map-js 45ms (cache miss)
160 silly packumentCache full:https://registry.npmjs.org/source-map-js set size:undefined disposed:false
161 silly fetch manifest @img/sharp-linux-x64@0.34.5
162 silly packumentCache full:https://registry.npmjs.org/@img%2fsharp-linux-x64 cache-miss
163 http fetch GET 200 https://registry.npmjs.org/semver 46ms (cache miss)
164 silly packumentCache full:https://registry.npmjs.org/semver set size:undefined disposed:false
165 silly fetch manifest @img/sharp-win32-x64@0.34.5
166 silly packumentCache full:https://registry.npmjs.org/@img%2fsharp-win32-x64 cache-miss
167 http fetch GET 200 https://registry.npmjs.org/detect-libc 50ms (cache miss)
168 silly packumentCache full:https://registry.npmjs.org/detect-libc set size:undefined disposed:false
169 silly fetch manifest @img/sharp-darwin-x64@0.34.5
170 silly packumentCache full:https://registry.npmjs.org/@img%2fsharp-darwin-x64 cache-miss
171 http fetch GET 200 https://registry.npmjs.org/nanoid 52ms (cache miss)
172 silly packumentCache full:https://registry.npmjs.org/nanoid set size:undefined disposed:false
173 silly fetch manifest @img/sharp-win32-ia32@0.34.5
174 silly packumentCache full:https://registry.npmjs.org/@img%2fsharp-win32-ia32 cache-miss
175 http fetch GET 200 https://registry.npmjs.org/@img%2fcolour 57ms (cache miss)
176 silly packumentCache full:https://registry.npmjs.org/@img%2fcolour set size:undefined disposed:false
177 silly fetch manifest @img/sharp-linux-arm64@0.34.5
178 silly packumentCache full:https://registry.npmjs.org/@img%2fsharp-linux-arm64 cache-miss
179 http fetch GET 200 https://registry.npmjs.org/@img%2fsharp-linux-x64 51ms (cache miss)
180 silly packumentCache full:https://registry.npmjs.org/@img%2fsharp-linux-x64 set size:undefined disposed:false
181 silly fetch manifest @img/sharp-linux-ppc64@0.34.5
182 silly packumentCache full:https://registry.npmjs.org/@img%2fsharp-linux-ppc64 cache-miss
183 http fetch GET 200 https://registry.npmjs.org/@img%2fsharp-wasm32 55ms (cache miss)
184 silly packumentCache full:https://registry.npmjs.org/@img%2fsharp-wasm32 set size:undefined disposed:false
185 silly fetch manifest @img/sharp-linux-s390x@0.34.5
186 silly packumentCache full:https://registry.npmjs.org/@img%2fsharp-linux-s390x cache-miss
187 http fetch GET 200 https://registry.npmjs.org/@img%2fsharp-linux-arm 56ms (cache miss)
188 silly packumentCache full:https://registry.npmjs.org/@img%2fsharp-linux-arm set size:undefined disposed:false
189 silly fetch manifest @img/sharp-win32-arm64@0.34.5
190 silly packumentCache full:https://registry.npmjs.org/@img%2fsharp-win32-arm64 cache-miss
191 http fetch GET 200 https://registry.npmjs.org/@img%2fsharp-win32-x64 54ms (cache miss)
192 silly packumentCache full:https://registry.npmjs.org/@img%2fsharp-win32-x64 set size:undefined disposed:false
193 silly fetch manifest @img/sharp-darwin-arm64@0.34.5
194 silly packumentCache full:https://registry.npmjs.org/@img%2fsharp-darwin-arm64 cache-miss
195 http fetch GET 200 https://registry.npmjs.org/@img%2fsharp-linux-arm64 49ms (cache miss)
196 silly packumentCache full:https://registry.npmjs.org/@img%2fsharp-linux-arm64 set size:undefined disposed:false
197 silly fetch manifest @img/sharp-linux-riscv64@0.34.5
198 silly packumentCache full:https://registry.npmjs.org/@img%2fsharp-linux-riscv64 cache-miss
199 http fetch GET 200 https://registry.npmjs.org/@img%2fsharp-darwin-x64 57ms (cache miss)
200 silly packumentCache full:https://registry.npmjs.org/@img%2fsharp-darwin-x64 set size:undefined disposed:false
201 silly fetch manifest @img/sharp-linuxmusl-x64@0.34.5
202 silly packumentCache full:https://registry.npmjs.org/@img%2fsharp-linuxmusl-x64 cache-miss
203 http fetch GET 200 https://registry.npmjs.org/@img%2fsharp-win32-ia32 67ms (cache miss)
204 silly packumentCache full:https://registry.npmjs.org/@img%2fsharp-win32-ia32 set size:undefined disposed:false
205 silly fetch manifest @img/sharp-linuxmusl-arm64@0.34.5
206 silly packumentCache full:https://registry.npmjs.org/@img%2fsharp-linuxmusl-arm64 cache-miss
207 http fetch GET 200 https://registry.npmjs.org/@img%2fsharp-linux-ppc64 46ms (cache miss)
208 silly packumentCache full:https://registry.npmjs.org/@img%2fsharp-linux-ppc64 set size:undefined disposed:false
209 silly fetch manifest @img/sharp-libvips-linux-arm@1.2.4
210 silly packumentCache full:https://registry.npmjs.org/@img%2fsharp-libvips-linux-arm cache-miss
211 http fetch GET 200 https://registry.npmjs.org/@img%2fsharp-linux-riscv64 45ms (cache miss)
212 silly packumentCache full:https://registry.npmjs.org/@img%2fsharp-linux-riscv64 set size:undefined disposed:false
213 silly fetch manifest @img/sharp-libvips-linux-x64@1.2.4
214 silly packumentCache full:https://registry.npmjs.org/@img%2fsharp-libvips-linux-x64 cache-miss
215 http fetch GET 200 https://registry.npmjs.org/@img%2fsharp-win32-arm64 52ms (cache miss)
216 silly packumentCache full:https://registry.npmjs.org/@img%2fsharp-win32-arm64 set size:undefined disposed:false
217 silly fetch manifest @img/sharp-libvips-darwin-x64@1.2.4
218 silly packumentCache full:https://registry.npmjs.org/@img%2fsharp-libvips-darwin-x64 cache-miss
219 http fetch GET 200 https://registry.npmjs.org/@img%2fsharp-darwin-arm64 51ms (cache miss)
220 silly packumentCache full:https://registry.npmjs.org/@img%2fsharp-darwin-arm64 set size:undefined disposed:false
221 silly fetch manifest @img/sharp-libvips-linux-arm64@1.2.4
222 silly packumentCache full:https://registry.npmjs.org/@img%2fsharp-libvips-linux-arm64 cache-miss
223 http fetch GET 200 https://registry.npmjs.org/@img%2fsharp-linuxmusl-x64 52ms (cache miss)
224 silly packumentCache full:https://registry.npmjs.org/@img%2fsharp-linuxmusl-x64 set size:undefined disposed:false
225 silly fetch manifest @img/sharp-libvips-linux-ppc64@1.2.4
226 silly packumentCache full:https://registry.npmjs.org/@img%2fsharp-libvips-linux-ppc64 cache-miss
227 http fetch GET 200 https://registry.npmjs.org/@img%2fsharp-libvips-linux-arm 48ms (cache miss)
228 silly packumentCache full:https://registry.npmjs.org/@img%2fsharp-libvips-linux-arm set size:undefined disposed:false
229 silly fetch manifest @img/sharp-libvips-linux-s390x@1.2.4
230 silly packumentCache full:https://registry.npmjs.org/@img%2fsharp-libvips-linux-s390x cache-miss
231 http fetch GET 200 https://registry.npmjs.org/@img%2fsharp-libvips-linux-x64 49ms (cache miss)
232 silly packumentCache full:https://registry.npmjs.org/@img%2fsharp-libvips-linux-x64 set size:undefined disposed:false
233 silly fetch manifest @img/sharp-libvips-darwin-arm64@1.2.4
234 silly packumentCache full:https://registry.npmjs.org/@img%2fsharp-libvips-darwin-arm64 cache-miss
235 http fetch GET 200 https://registry.npmjs.org/@img%2fsharp-libvips-linux-ppc64 44ms (cache miss)
236 silly packumentCache full:https://registry.npmjs.org/@img%2fsharp-libvips-linux-ppc64 set size:undefined disposed:false
237 silly fetch manifest @img/sharp-libvips-linux-riscv64@1.2.4
238 silly packumentCache full:https://registry.npmjs.org/@img%2fsharp-libvips-linux-riscv64 cache-miss
239 http fetch GET 200 https://registry.npmjs.org/@img%2fsharp-libvips-darwin-x64 53ms (cache miss)
240 silly packumentCache full:https://registry.npmjs.org/@img%2fsharp-libvips-darwin-x64 set size:undefined disposed:false
241 silly fetch manifest @img/sharp-libvips-linuxmusl-x64@1.2.4
242 silly packumentCache full:https://registry.npmjs.org/@img%2fsharp-libvips-linuxmusl-x64 cache-miss
243 http fetch GET 200 https://registry.npmjs.org/@img%2fsharp-libvips-linux-arm64 63ms (cache miss)
244 silly packumentCache full:https://registry.npmjs.org/@img%2fsharp-libvips-linux-arm64 set size:undefined disposed:false
245 silly fetch manifest @img/sharp-libvips-linuxmusl-arm64@1.2.4
246 silly packumentCache full:https://registry.npmjs.org/@img%2fsharp-libvips-linuxmusl-arm64 cache-miss
247 http fetch GET 200 https://registry.npmjs.org/@img%2fsharp-libvips-linux-s390x 54ms (cache miss)
248 silly packumentCache full:https://registry.npmjs.org/@img%2fsharp-libvips-linux-s390x set size:undefined disposed:false
249 silly fetch manifest client-only@0.0.1
250 silly packumentCache full:https://registry.npmjs.org/client-only cache-miss
251 http fetch GET 200 https://registry.npmjs.org/@img%2fsharp-libvips-darwin-arm64 53ms (cache miss)
252 silly packumentCache full:https://registry.npmjs.org/@img%2fsharp-libvips-darwin-arm64 set size:undefined disposed:false
253 http fetch GET 200 https://registry.npmjs.org/@img%2fsharp-libvips-linuxmusl-x64 50ms (cache miss)
254 silly packumentCache full:https://registry.npmjs.org/@img%2fsharp-libvips-linuxmusl-x64 set size:undefined disposed:false
255 http fetch GET 200 https://registry.npmjs.org/@img%2fsharp-libvips-linuxmusl-arm64 54ms (cache miss)
256 silly packumentCache full:https://registry.npmjs.org/@img%2fsharp-libvips-linuxmusl-arm64 set size:undefined disposed:false
257 http fetch GET 200 https://registry.npmjs.org/client-only 35ms (cache miss)
258 silly packumentCache full:https://registry.npmjs.org/client-only set size:undefined disposed:false
259 http fetch GET 200 https://registry.npmjs.org/@img%2fsharp-libvips-linux-riscv64 88ms (cache miss)
260 silly packumentCache full:https://registry.npmjs.org/@img%2fsharp-libvips-linux-riscv64 set size:undefined disposed:false
261 http fetch GET 200 https://registry.npmjs.org/@img%2fsharp-linux-s390x 213ms (cache miss)
262 silly packumentCache full:https://registry.npmjs.org/@img%2fsharp-linux-s390x set size:undefined disposed:false
263 http fetch GET 200 https://registry.npmjs.org/@img%2fsharp-linuxmusl-arm64 268ms (cache miss)
264 silly packumentCache full:https://registry.npmjs.org/@img%2fsharp-linuxmusl-arm64 set size:undefined disposed:false
265 silly placeDep ROOT tslib@2.8.1 OK for: @swc/helpers@0.5.15 want: ^2.8.0
266 silly placeDep ROOT nanoid@3.3.11 OK for: postcss@8.4.31 want: ^3.3.6
267 silly placeDep ROOT picocolors@1.1.1 OK for: postcss@8.4.31 want: ^1.0.0
268 silly placeDep ROOT source-map-js@1.2.1 OK for: postcss@8.4.31 want: ^1.0.2
269 silly placeDep ROOT scheduler@0.27.0 OK for: react-dom@19.2.4 want: ^0.27.0
270 silly placeDep ROOT @img/colour@1.1.0 OK for: sharp@0.34.5 want: ^1.0.0
271 silly placeDep ROOT @img/sharp-darwin-arm64@0.34.5 OK for: sharp@0.34.5 want: 0.34.5
272 silly placeDep ROOT @img/sharp-darwin-x64@0.34.5 OK for: sharp@0.34.5 want: 0.34.5
273 silly placeDep ROOT @img/sharp-libvips-darwin-arm64@1.2.4 OK for: sharp@0.34.5 want: 1.2.4
274 silly placeDep ROOT @img/sharp-libvips-darwin-x64@1.2.4 OK for: sharp@0.34.5 want: 1.2.4
275 silly placeDep ROOT @img/sharp-libvips-linux-arm@1.2.4 OK for: sharp@0.34.5 want: 1.2.4
276 silly placeDep ROOT @img/sharp-libvips-linux-arm64@1.2.4 OK for: sharp@0.34.5 want: 1.2.4
277 silly placeDep ROOT @img/sharp-libvips-linux-ppc64@1.2.4 OK for: sharp@0.34.5 want: 1.2.4
278 silly placeDep ROOT @img/sharp-libvips-linux-riscv64@1.2.4 OK for: sharp@0.34.5 want: 1.2.4
279 silly placeDep ROOT @img/sharp-libvips-linux-s390x@1.2.4 OK for: sharp@0.34.5 want: 1.2.4
280 silly placeDep ROOT @img/sharp-libvips-linux-x64@1.2.4 OK for: sharp@0.34.5 want: 1.2.4
281 silly placeDep ROOT @img/sharp-libvips-linuxmusl-arm64@1.2.4 OK for: sharp@0.34.5 want: 1.2.4
282 silly placeDep ROOT @img/sharp-libvips-linuxmusl-x64@1.2.4 OK for: sharp@0.34.5 want: 1.2.4
283 silly placeDep ROOT @img/sharp-linux-arm@0.34.5 OK for: sharp@0.34.5 want: 0.34.5
284 silly placeDep ROOT @img/sharp-linux-arm64@0.34.5 OK for: sharp@0.34.5 want: 0.34.5
285 silly placeDep ROOT @img/sharp-linux-ppc64@0.34.5 OK for: sharp@0.34.5 want: 0.34.5
286 silly placeDep ROOT @img/sharp-linux-riscv64@0.34.5 OK for: sharp@0.34.5 want: 0.34.5
287 silly placeDep ROOT @img/sharp-linux-s390x@0.34.5 OK for: sharp@0.34.5 want: 0.34.5
288 silly placeDep ROOT @img/sharp-linux-x64@0.34.5 OK for: sharp@0.34.5 want: 0.34.5
289 silly placeDep ROOT @img/sharp-linuxmusl-arm64@0.34.5 OK for: sharp@0.34.5 want: 0.34.5
290 silly placeDep ROOT @img/sharp-linuxmusl-x64@0.34.5 OK for: sharp@0.34.5 want: 0.34.5
291 silly placeDep ROOT @img/sharp-wasm32@0.34.5 OK for: sharp@0.34.5 want: 0.34.5
292 silly placeDep ROOT @img/sharp-win32-arm64@0.34.5 OK for: sharp@0.34.5 want: 0.34.5
293 silly placeDep ROOT @img/sharp-win32-ia32@0.34.5 OK for: sharp@0.34.5 want: 0.34.5
294 silly placeDep ROOT @img/sharp-win32-x64@0.34.5 OK for: sharp@0.34.5 want: 0.34.5
295 silly placeDep ROOT detect-libc@2.1.2 OK for: sharp@0.34.5 want: ^2.1.2
296 silly placeDep ROOT semver@7.7.4 OK for: sharp@0.34.5 want: ^7.7.3
297 silly fetch manifest @emnapi/runtime@^1.7.0
298 silly packumentCache full:https://registry.npmjs.org/@emnapi%2fruntime cache-miss
299 http fetch GET 200 https://registry.npmjs.org/@emnapi%2fruntime 77ms (cache miss)
300 silly packumentCache full:https://registry.npmjs.org/@emnapi%2fruntime set size:undefined disposed:false
301 silly placeDep ROOT @emnapi/runtime@1.9.2 OK for: @img/sharp-wasm32@0.34.5 want: ^1.7.0
302 silly placeDep ROOT client-only@0.0.1 OK for: styled-jsx@5.1.6 want: 0.0.1
303 silly reify moves {}
304 http cache semver@https://registry.npmjs.org/semver/-/semver-7.7.4.tgz 1ms (cache hit)
305 http cache client-only@https://registry.npmjs.org/client-only/-/client-only-0.0.1.tgz 0ms (cache hit)
306 http cache detect-libc@https://registry.npmjs.org/detect-libc/-/detect-libc-2.1.2.tgz 0ms (cache hit)
307 http cache @img/sharp-darwin-arm64@https://registry.npmjs.org/@img/sharp-darwin-arm64/-/sharp-darwin-arm64-0.34.5.tgz 0ms (cache hit)
308 http cache @img/sharp-libvips-darwin-arm64@https://registry.npmjs.org/@img/sharp-libvips-darwin-arm64/-/sharp-libvips-darwin-arm64-1.2.4.tgz 0ms (cache hit)
309 http cache scheduler@https://registry.npmjs.org/scheduler/-/scheduler-0.27.0.tgz 0ms (cache hit)
310 http cache source-map-js@https://registry.npmjs.org/source-map-js/-/source-map-js-1.2.1.tgz 0ms (cache hit)
311 http cache picocolors@https://registry.npmjs.org/picocolors/-/picocolors-1.1.1.tgz 0ms (cache hit)
312 http cache nanoid@https://registry.npmjs.org/nanoid/-/nanoid-3.3.11.tgz 0ms (cache hit)
313 http cache tslib@https://registry.npmjs.org/tslib/-/tslib-2.8.1.tgz 0ms (cache hit)
314 http cache @img/colour@https://registry.npmjs.org/@img/colour/-/colour-1.1.0.tgz 0ms (cache hit)
315 http cache styled-jsx@https://registry.npmjs.org/styled-jsx/-/styled-jsx-5.1.6.tgz 0ms (cache hit)
316 http cache sharp@https://registry.npmjs.org/sharp/-/sharp-0.34.5.tgz 0ms (cache hit)
317 http cache caniuse-lite@https://registry.npmjs.org/caniuse-lite/-/caniuse-lite-1.0.30001786.tgz 0ms (cache hit)
318 http cache postcss@https://registry.npmjs.org/postcss/-/postcss-8.4.31.tgz 0ms (cache hit)
319 http cache baseline-browser-mapping@https://registry.npmjs.org/baseline-browser-mapping/-/baseline-browser-mapping-2.10.16.tgz 0ms (cache hit)
320 http cache @next/swc-darwin-arm64@https://registry.npmjs.org/@next/swc-darwin-arm64/-/swc-darwin-arm64-16.2.2.tgz 0ms (cache hit)
321 http cache @swc/helpers@https://registry.npmjs.org/@swc/helpers/-/helpers-0.5.15.tgz 0ms (cache hit)
322 http cache @next/env@https://registry.npmjs.org/@next/env/-/env-16.2.2.tgz 0ms (cache hit)
323 http cache react-dom@https://registry.npmjs.org/react-dom/-/react-dom-19.2.4.tgz 0ms (cache hit)
324 http cache react@https://registry.npmjs.org/react/-/react-19.2.4.tgz 0ms (cache hit)
325 http cache next@https://registry.npmjs.org/next/-/next-16.2.2.tgz 0ms (cache hit)
326 silly tarball no local data for semver@https://registry.npmjs.org/semver/-/semver-7.7.4.tgz. Extracting by manifest.
327 silly tarball no local data for client-only@https://registry.npmjs.org/client-only/-/client-only-0.0.1.tgz. Extracting by manifest.
328 silly tarball no local data for detect-libc@https://registry.npmjs.org/detect-libc/-/detect-libc-2.1.2.tgz. Extracting by manifest.
329 silly tarball no local data for @img/sharp-darwin-arm64@https://registry.npmjs.org/@img/sharp-darwin-arm64/-/sharp-darwin-arm64-0.34.5.tgz. Extracting by manifest.
330 silly tarball no local data for @img/sharp-libvips-darwin-arm64@https://registry.npmjs.org/@img/sharp-libvips-darwin-arm64/-/sharp-libvips-darwin-arm64-1.2.4.tgz. Extracting by manifest.
331 silly tarball no local data for scheduler@https://registry.npmjs.org/scheduler/-/scheduler-0.27.0.tgz. Extracting by manifest.
332 silly tarball no local data for source-map-js@https://registry.npmjs.org/source-map-js/-/source-map-js-1.2.1.tgz. Extracting by manifest.
333 silly tarball no local data for picocolors@https://registry.npmjs.org/picocolors/-/picocolors-1.1.1.tgz. Extracting by manifest.
334 silly tarball no local data for nanoid@https://registry.npmjs.org/nanoid/-/nanoid-3.3.11.tgz. Extracting by manifest.
335 silly tarball no local data for tslib@https://registry.npmjs.org/tslib/-/tslib-2.8.1.tgz. Extracting by manifest.
336 silly tarball no local data for @img/colour@https://registry.npmjs.org/@img/colour/-/colour-1.1.0.tgz. Extracting by manifest.
337 silly tarball no local data for styled-jsx@https://registry.npmjs.org/styled-jsx/-/styled-jsx-5.1.6.tgz. Extracting by manifest.
338 silly tarball no local data for sharp@https://registry.npmjs.org/sharp/-/sharp-0.34.5.tgz. Extracting by manifest.
339 silly tarball no local data for caniuse-lite@https://registry.npmjs.org/caniuse-lite/-/caniuse-lite-1.0.30001786.tgz. Extracting by manifest.
340 silly tarball no local data for postcss@https://registry.npmjs.org/postcss/-/postcss-8.4.31.tgz. Extracting by manifest.
341 silly tarball no local data for baseline-browser-mapping@https://registry.npmjs.org/baseline-browser-mapping/-/baseline-browser-mapping-2.10.16.tgz. Extracting by manifest.
342 silly tarball no local data for @next/swc-darwin-arm64@https://registry.npmjs.org/@next/swc-darwin-arm64/-/swc-darwin-arm64-16.2.2.tgz. Extracting by manifest.
343 silly tarball no local data for @swc/helpers@https://registry.npmjs.org/@swc/helpers/-/helpers-0.5.15.tgz. Extracting by manifest.
344 silly tarball no local data for @next/env@https://registry.npmjs.org/@next/env/-/env-16.2.2.tgz. Extracting by manifest.
345 silly tarball no local data for react-dom@https://registry.npmjs.org/react-dom/-/react-dom-19.2.4.tgz. Extracting by manifest.
346 silly tarball no local data for react@https://registry.npmjs.org/react/-/react-19.2.4.tgz. Extracting by manifest.
347 silly tarball no local data for next@https://registry.npmjs.org/next/-/next-16.2.2.tgz. Extracting by manifest.
348 http fetch GET 200 https://registry.npmjs.org/detect-libc/-/detect-libc-2.1.2.tgz 62ms (cache miss)
349 http fetch GET 200 https://registry.npmjs.org/client-only/-/client-only-0.0.1.tgz 63ms (cache miss)
350 http fetch GET 200 https://registry.npmjs.org/scheduler/-/scheduler-0.27.0.tgz 63ms (cache miss)
351 http fetch GET 200 https://registry.npmjs.org/@img/sharp-darwin-arm64/-/sharp-darwin-arm64-0.34.5.tgz 68ms (cache miss)
352 http fetch GET 200 https://registry.npmjs.org/source-map-js/-/source-map-js-1.2.1.tgz 72ms (cache miss)
353 http fetch GET 200 https://registry.npmjs.org/baseline-browser-mapping/-/baseline-browser-mapping-2.10.16.tgz 91ms (cache miss)
354 http fetch GET 200 https://registry.npmjs.org/semver/-/semver-7.7.4.tgz 96ms (cache miss)
355 http fetch GET 200 https://registry.npmjs.org/@next/env/-/env-16.2.2.tgz 116ms (cache miss)
356 http fetch GET 200 https://registry.npmjs.org/react/-/react-19.2.4.tgz 117ms (cache miss)
357 http fetch GET 200 https://registry.npmjs.org/tslib/-/tslib-2.8.1.tgz 152ms (cache miss)
358 http fetch GET 200 https://registry.npmjs.org/nanoid/-/nanoid-3.3.11.tgz 153ms (cache miss)
359 http fetch GET 200 https://registry.npmjs.org/picocolors/-/picocolors-1.1.1.tgz 178ms (cache miss)
360 http fetch GET 200 https://registry.npmjs.org/@img/colour/-/colour-1.1.0.tgz 182ms (cache miss)
361 http fetch GET 200 https://registry.npmjs.org/sharp/-/sharp-0.34.5.tgz 220ms (cache miss)
362 http fetch GET 200 https://registry.npmjs.org/styled-jsx/-/styled-jsx-5.1.6.tgz 229ms (cache miss)
363 http fetch GET 200 https://registry.npmjs.org/postcss/-/postcss-8.4.31.tgz 241ms (cache miss)
364 http fetch GET 200 https://registry.npmjs.org/@img/sharp-libvips-darwin-arm64/-/sharp-libvips-darwin-arm64-1.2.4.tgz 306ms (cache miss)
365 http fetch GET 200 https://registry.npmjs.org/@swc/helpers/-/helpers-0.5.15.tgz 339ms (cache miss)
366 http fetch GET 200 https://registry.npmjs.org/react-dom/-/react-dom-19.2.4.tgz 423ms (cache miss)
367 http fetch GET 200 https://registry.npmjs.org/caniuse-lite/-/caniuse-lite-1.0.30001786.tgz 590ms (cache miss)
368 http fetch GET 200 https://registry.npmjs.org/@next/swc-darwin-arm64/-/swc-darwin-arm64-16.2.2.tgz 863ms (cache miss)
369 http fetch GET 200 https://registry.npmjs.org/next/-/next-16.2.2.tgz 2285ms (cache miss)
370 info run sharp@0.34.5 install node_modules/sharp node install/check.js || npm run build
371 info run sharp@0.34.5 install { code: 0, signal: null }
372 silly ADD node_modules/client-only
373 silly ADD node_modules/semver
374 silly ADD node_modules/detect-libc
375 silly ADD node_modules/@img/sharp-libvips-darwin-arm64
376 silly ADD node_modules/@img/sharp-darwin-arm64
377 silly ADD node_modules/@img/colour
378 silly ADD node_modules/scheduler
379 silly ADD node_modules/source-map-js
380 silly ADD node_modules/picocolors
381 silly ADD node_modules/nanoid
382 silly ADD node_modules/tslib
383 silly ADD node_modules/styled-jsx
384 silly ADD node_modules/sharp
385 silly ADD node_modules/postcss
386 silly ADD node_modules/caniuse-lite
387 silly ADD node_modules/baseline-browser-mapping
388 silly ADD node_modules/@swc/helpers
389 silly ADD node_modules/@next/swc-darwin-arm64
390 silly ADD node_modules/@next/env
391 silly ADD node_modules/react-dom
392 silly ADD node_modules/react
393 silly ADD node_modules/next
394 verbose cwd /Users/ricart/habit-hugs3
395 verbose os Darwin 25.4.0
396 verbose node v25.6.1
397 verbose npm  v11.9.0
398 verbose exit 0
399 info ok
